Arguments: 
  C:\nodejs\node.exe C:\Users\sampsonb\AppData\Roaming\npm\node_modules\yarn\bin\yarn.js add --dev concurrently

PATH: 
  C:\ProgramData\Oracle\Java\javapath;C:\WINDOWS\system32;C:\WINDOWS;C:\WINDOWS\System32\Wbem;C:\WINDOWS\System32\WindowsPowerShell\v1.0\;C:\Program Files (x86)\QuickTime\QTSystem\;C:\Program Files (x86)\Windows Live\Shared;C:\Program Files (x86)\Brackets\command;C:\nodejs\;c:\Program Files (x86)\Microsoft SQL Server\100\Tools\Binn\;c:\Program Files\Microsoft SQL Server\100\Tools\Binn\;c:\Program Files\Microsoft SQL Server\100\DTS\Binn\;C:\Users\sampsonb\AppData\Local\Microsoft\WindowsApps;C:\Users\sampsonb\AppData\Roaming\npm;C:\Users\sampsonb\AppData\Local\Programs\Git\cmd;C:\Users\sampsonb\AppData\Local\.meteor\;C:\Users\sampsonb\AppData\Local\atom\bin;C:\Users\sampsonb\AppData\Local\hyper\app-2.0.0\resources\bin

Yarn version: 
  1.6.0

Node version: 
  7.5.0

Platform: 
  win32 x64

Trace: 
  Error: connect ETIMEDOUT 104.16.26.35:443
      at Object.exports._errnoException (util.js:1023:11)
      at exports._exceptionWithHostPort (util.js:1046:20)
      at TCPConnectWrap.afterConnect [as oncomplete] (net.js:1090:14)

npm manifest: 
  {
    "name": "vocab-sheet-generator",
    "version": "1.0.0",
    "description": "",
    "main": "index.js",
    "scripts": {
      "client": "cd client && yarn start",
      "server": "nodemon server.js",
      "dev": "concurrently --kill-others-on-fail \"yarn client\" \"yarn server\""
    },
    "keywords": [],
    "author": "",
    "license": "ISC"
  }

yarn manifest: 
  No manifest

Lockfile: 
  No lockfile
